<?xml version="1.0" encoding="UTF-8"?>
<!-- Generated by org.testng.reporters.JUnitReportReporter -->
<testsuite hostname="DESKTOP-1Q0EG59" failures="0" tests="1" name="com.qa.testrunner.TestRunner" time="16.208" errors="0" timestamp="2020-04-26T23:50:39 BST" skipped="0">
  <testcase classname="com.qa.testrunner.TestRunner" name="ControlCucumberFeature" time="16.208"/>
</testsuite> <!-- com.qa.testrunner.TestRunner -->
