<?xml version="1.0" encoding="UTF-8"?>
<!-- Generated by org.testng.reporters.JUnitReportReporter -->
<testsuite hostname="DESKTOP-1Q0EG59" failures="0" tests="1" name="com.qa.testrunner.TestRunner" time="22.756" errors="0" timestamp="2020-04-23T00:41:47 BST" skipped="0">
  <testcase classname="com.qa.testrunner.TestRunner" name="ControlCucumberFeature" time="22.756"/>
</testsuite> <!-- com.qa.testrunner.TestRunner -->
